[RUN #0 6 50]
-418 717 595 -193 345 -670
964 -29 246 295 439 194
246 805 40 423 75 969
253 213 -903 904 755 534
-34 872 -760 -614 -952 -167
959 444 982 -204 -605 293
249 -288 -35 -277 -550 361
-671 46 998 -755 -772 417
902 -425 333 458 809 -334
-138 595 -640 -368 295 -502
-60 961 509 -923 -92 545
946 4 548 134 -775 624
-537 307 455 -214 556 650
-118 978 -423 299 -791 -270
-177 -665 684 -461 926 -508
-717 -997 591 -651 -324 -762
-482 272 -823 -176 126 678
528 133 233 790 -652 -33
387 495 854 -84 92 865
-695 -991 -434 -971 17 99
-49 -98 -360 -196 -550 233
-928 766 -77 958 902 933
130 664 145 201 -930 -557
-58 610 525 435 -931 -789
626 549 -375 581 -818 361
-380 261 33 -826 302 -259
-252 684 -767 467 624 -481
978 920 -222 -530 -177 -779
797 402 261 -590 850 587
-242 528 544 -571 813 657
866 -426 707 -847 6 685
482 889 137 -34 -764 -672
733 -836 -268 -421 -924 934
-180 426 -701 -801 -507 327
446 -762 -196 -686 -108 -134
598 513 -406 692 676 679
-733 277 92 752 595 -335
440 -603 301 837 542 718
677 266 362 146 49 -13
-348 -620 732 652 -330 412
-835 -480 352 -396 -939 262
-920 8 615 -218 596 382
-367 -320 307 899 421 251
-520 -463 7 -843 105 -939
-806 527 240 746 -869 324
876 -631 -34 457 -113 -81
-565 409 576 758 -709 147
-660 -291 -976 -217 499 150
-879 612 -951 -89 147 -953
309 713 -210 -711 394 -929
[RUN #1 7 50]
445 176 299 190 -190 -942 -738
-873 235 827 883 -845 510 805
744 -193 -770 -468 525 -350 -1
-348 146 986 -896 -488 -989 261
735 372 -426 -626 809 902 221
-793 58 -712 915 -117 -57 633
-309 442 -503 -48 -177 -730 78
25 202 -332 611 806 65 -350
-138 -218 32 -837 606 675 492
-572 966 121 -288 -841 -710 -130
607 462 770 -765 -241 766 213
-243 -760 -372 -22 141 1 820
913 815 524 -955 -630 -693 -325
-13 248 894 513 665 -186 602
724 -467 -482 -531 760 -661 489
926 -955 -933 410 -793 319 -522
194 559 -234 345 832 -692 -219
-302 292 -500 976 -1000 678 -957
925 245 -192 -314 -184 -177 -675
129 433 342 350 67 500 -217
-862 644 -760 332 592 -194 581
-925 478 -620 -94 -943 394 490
386 524 951 -450 -21 -794 -706
-64 10 -580 -181 -985 319 215
233 178 576 565 -61 -536 -253
-149 -549 -89 735 607 150 945
-713 -235 -305 -479 311 102 471
22 342 447 -507 -371 -322 -582
731 244 508 88 -357 474 -834
[RUN #2 8 50]
-374 -636 947 -272 -514 741 275 925
215 -152 -378 -791 -695 -742 -956 -661
-863 -529 558 547 522 219 404 -506
-17 453 -198 64 188 -186 106 -520
-93 -84 193 874 633 260 639 -552
729 889 -902 -187 223 961 525 95
-990 -932 -364 -749 -215 -245 541 564
185 282 351 -791 97 -688 686 -258
-189 -857 -742 516 745 655 876 717
79 85 -126 923 521 -693 845 309
-111 -143 -872 -776 -325 475 129 -160
-75 868 -355 -688 -661 245 -804 761
612 119 -554 230 299 242 440 586
769 -497 -74 493 -683 -605 -913 -362
-889 -564 -195 -890 -127 -863 287 662
-537 454 117 644 633 965 -494 506
-495 192 -591 -162 -351 66 -95 14
-442 319 -901 555 -840 -539 -534 -381
990 490 232 -878 -91 -879 801 -730
351 -533 203 -486 -771 449 938 -41
60 760 -768 823 -770 -449 888 286
759 803 -121 433 582 -67 -912 -983
-447 66 443 429 5 538 422 571
-591 116 -238 -763 915 -50 381 -578
595 -63 362 -55 -22 -110 -313 -518
498 -173 -643 142 -339 831 -695 800
-393 -411 708 -961 -507 134 522 756
-670 -184 -883 287 -388 596 746 -191
150 55 942 724 -657 -935 -772 -249
-386 978 671 -522 52 -474 -332 350
-691 -708 517 625 22 482 -202 -436
596 931 -428 737 -654 -459 357 -186
905 927 -175 597 542 -71 -468 870
-610 513 -161 149 -414 -966 51 551
-774 -260 -545 652 -282 -834 185 278
461 93 104 820 436 183 -548 -401
-98 471 64 -514 919 -719 -492 316
984 758 -3 -906 -730 809 -823 859
-784 -792 121 517 912 -367 -443 473
-863 -454 77 277 833 -51 -175 699
-667 755 -39 -511 -434 698 809 -252
-404 232 863 -735 -745 -818 -927 -506
808 921 291 -297 -383 -587 -887 298
86 -729 656 491 -497 189 -199 118
-301 817 578 122 -726 -595 -939 283
531 969 558 253 853 -102 34 -94
-648 601 161 -428 -710 229 53 -420
-275 175 903 858 -904 117 497 -24
929 -916 -799 -941 250 256 -169 -312
731 531 400 -969 -461 466 -169 262
[RUN #3 100 50]
591 -234 816 832 224 652 -837 -25 -444 910 933 821 795 171 -771 90 263 122 125 -695 -134 515 818 -619 -160 -239 -870 334 593 -339 -741 174 66 -229 -655 22 -159 -751 -648 923 -998 907 -553 -388 -546 -826 -183 425 813 335 -841 694 -912 -628 -519 -686 988 384 585 482 190 470 93 26 100 -645 -484 -606 -692 419 -354 918 -454 187 -47 -761 -195 304 917 -83 116 504 887 807 -898 978 -522 -260 23 577 -453 -564 -989 -23 -964 -429 455 707 -602 -440
952 -485 -17 -232 422 -16 420 -937 -489 -639 980 506 -463 -579 21 -157 -359 -42 -430 -337 -756 -393 -918 -85 -604 779 885 562 909 900 472 262 554 -517 647 -104 -841 -356 -435 434 -680 462 -626 -887 -149 -205 -177 610 531 -542 -12 -90 -743 -580 -429 -910 -632 0 -57 -531 55 766 409 -576 558 109 -83 -203 -928 613 -725 -741 771 907 -156 960 -150 -822 -237 309 -761 164 123 -747 -830 744 577 925 348 -648 -618 -289 486 -481 727 839 869 -780 -884 238
-671 885 572 -976 607 215 539 408 984 -284 -603 22 -387 -260 794 -93 -469 58 -919 965 374 728 -827 57 -123 -726 64 -375 -39 818 -744 -826 -149 -734 -334 32 756 -803 -340 -521 -833 834 877 129 -94 38 -145 894 -621 577 615 -232 142 865 422 602 -105 104 -22 -376 -222 573 87 60 837 -495 823 855 721 -228 -150 478 867 509 -746 342 708 596 222 161 -374 875 297 941 547 -501 857 821 -367 73 -537 841 182 773 -909 881 -811 -395 -427 847
227 753 292 286 -692 -725 36 -469 -503 430 451 413 -410 -417 880 -582 -385 -252 46 262 -286 -68 -221 824 617 465 477 -852 681 920 -22 -498 -454 -814 670 -746 522 -373 520 133 725 -865 898 615 388 703 -391 -442 -830 563 -494 744 -445 644 -269 18 -844 -526 9 -81 -518 360 -368 299 -744 439 -418 149 -965 801 678 -127 585 -994 584 653 705 315 881 -249 -611 890 -162 393 141 -800 581 283 143 -997 289 -8 698 281 -978 -608 312 -993 -318 602
-17 -516 626 143 -238 -853 14 -648 -423 -484 584 856 75 -499 495 885 -545 -142 273 -676 617 782 -401 -538 363 634 72 -36 916 171 326 -667 -693 -623 -757 749 -868 287 -259 213 82 454 507 594 -765 -93 -213 529 570 324 311 628 356 -586 700 389 25 -483 649 -240 -175 -893 -358 -98 603 -166 -614 404 243 -42 -923 -234 766 -205 375 -574 698 230 -268 383 530 -990 336 -279 510 98 667 -753 714 150 -95 926 605 335 676 896 971 913 -161 -312
-127 -399 150 -160 498 -467 262 -490 987 790 -348 -294 107 -501 553 3 102 555 -636 707 921 834 -268 -985 -420 -622 418 -611 -780 167 425 -715 353 -662 682 611 -752 735 971 -925 373 -186 215 0 -456 -86 -14 -272 759 574 204 15 843 787 -344 -873 716 536 -822 652 929 123 430 18 -259 -897 -397 916 242 -327 767 176 -586 -772 207 14 -964 772 -514 297 -972 -296 7 777 -257 -573 827 -367 -50 705 -694 879 692 561 246 -699 -758 -484 539 55
381 -149 190 -796 -880 -699 -986 278 -269 791 560 -903 -804 655 693 237 -775 -369 816 623 -295 613 -251 217 -967 -231 954 -393 27 -386 680 -872 841 267 94 -608 -689 746 -330 -925 -136 -117 -498 984 92 -449 -8 121 753 -849 -848 576 -765 -933 472 764 -735 495 -760 367 887 -823 -857 -73 -887 88 203 58 -359 -384 171 -140 803 -211 -711 857 -381 942 -277 113 -611 -363 -779 -84 198 -186 -375 -276 949 458 40 712 387 598 183 988 -975 235 -376 -442
453 -241 351 657 338 92 -756 728 846 18 -952 -992 -95 218 588 -508 -500 -982 22 -294 -965 308 -214 -160 395 628 -469 6 69 720 104 984 765 154 -748 -694 -401 677 843 -772 398 -301 369 749 113 437 -191 630 171 -698 -567 764 364 -458 912 -96 829 -706 50 -984 183 -515 -303 -450 778 -859 -673 -158 -976 -789 591 847 -146 -346 -316 -391 -408 -988 579 538 -370 -628 675 -114 15 -822 -958 190 -852 135 -407 -227 -462 687 505 612 838 325 -71 174
838 -489 605 923 842 -507 -711 -878 228 -680 663 234 -84 394 503 212 295 192 998 -985 137 -879 730 -913 -475 -752 810 995 968 -196 44 530 719 289 787 14 -281 803 776 -146 -129 -379 -23 -280 511 121 799 -701 588 626 -871 -397 -167 587 -310 320 -853 687 396 -125 -840 -355 566 347 -271 875 193 288 29 -83 -557 81 170 501 -212 163 -466 -715 -984 -203 -894 678 823 -187 -24 -457 305 -50 -911 113 2 667 775 82 848 702 880 878 128 442
936 99 514 -451 -831 361 107 -756 778 854 975 427 492 609 -204 754 -348 -624 -325 -446 -328 953 728 262 -58 901 -103 -778 -556 -307 462 232 897 -421 -920 -24 -91 -520 722 -157 -443 225 -378 -687 999 454 540 -301 -784 521 655 -860 836 123 -273 195 -341 495 700 259 -955 959 986 -962 -290 -99 768 439 467 -76 562 -934 194 28 452 -369 -605 610 342 -865 830 -382 666 -571 180 638 -164 680 175 -901 689 -779 -320 -661 62 878 -108 313 -119 -621
569 62 -348 268 -703 -243 788 721 -989 793 71 -13 -507 -972 -403 604 347 648 -571 -915 -952 -808 -982 -340 -356 396 -160 902 208 123 598 -460 547 942 -96 -980 -739 893 888 -508 -761 318 245 944 509 975 -753 -465 445 -345 -699 803 -626 -27 864 -430 41 -338 684 -752 -748 613 8 776 -385 354 820 -308 968 -750 -655 -949 -278 -552 294 510 -37 -211 -212 -838 -176 87 253 -546 -994 524 797 -946 213 266 -456 238 111 108 846 -832 -118 -650 553 -88
-129 182 52 -245 -903 -580 -610 470 152 234 494 -733 -448 601 770 -595 990 369 260 295 -677 -800 -803 478 965 -842 -749 78 -123 -74 937 -332 576 -541 37 -419 -533 -260 278 447 920 665 15 -400 50 -514 799 -167 -407 439 -340 -345 822 -692 491 841 563 84 811 -548 -971 -811 531 146 -99 11 -942 745 205 189 359 754 -539 930 -227 39 -859 -877 160 514 277 -506 269 -713 74 684 -106 168 522 176 -984 352 -406 -582 -560 988 345 21 986 -320
-436 -796 -167 147 -691 -13 359 -485 -649 246 -437 -139 872 712 612 -268 -518 -195 -587 661 82 865 421 450 -787 80 -959 473 443 348 556 793 -798 482 -469 -462 -95 986 580 625 614 944 -86 -917 143 342 839 985 -756 -212 -440 -323 657 -270 -421 -459 206 429 711 553 -34 433 -607 198 395 -590 -609 -714 -40 202 974 -262 -948 688 947 663 -385 -773 -674 681 137 689 248 -368 99 214 314 -946 64 -213 431 472 79 -151 -592 2 971 697 559 544
-790 759 267 548 582 -581 227 -632 -748 -323 427 501 -62 197 783 -336 -177 -580 -86 119 182 -405 995 414 -242 -737 -866 -175 183 296 -753 -627 -872 -497 937 955 265 934 -814 137 -821 775 -127 -155 -892 708 579 -958 -965 -606 -308 -832 -792 -151 338 953 768 537 991 935 -563 124 -183 -942 -479 -636 -791 -743 -257 644 -197 -268 -686 -731 978 -80 -905 -364 -913 -366 -649 -498 -365 -823 -245 -280 -105 -209 147 -49 -313 -518 103 -955 -733 885 426 -543 957 -192
-352 -912 247 301 756 -596 407 887 -132 -705 -955 413 -994 248 298 878 463 529 896 188 -1000 992 204 455 678 -881 -213 -835 -314 -185 387 376 954 774 684 -910 -499 -865 -21 702 -972 130 544 -612 99 -599 -993 -875 -712 -489 118 555 -289 502 550 -77 -886 368 77 -558 961 949 138 -982 938 969 -608 -950 -759 401 546 712 -928 -843 983 -320 -646 -129 209 659 985 -231 389 -826 -735 -624 -830 -20 -732 825 -382 70 -191 -331 966 -813 378 442 -44 360
537 -777 -425 -773 -939 -121 -920 -371 708 384 995 296 -208 -696 -875 -683 -44 -684 723 939 809 529 479 -66 784 117 -31 858 230 -716 788 -341 426 775 153 -227 -64 149 -87 822 -140 578 -353 -162 -658 -171 404 717 615 491 528 -667 726 -400 46 -180 -900 905 -93 261 -516 389 882 576 570 392 -946 780 594 157 -618 871 -211 555 458 41 -339 120 548 -504 -598 -992 -970 405 -117 0 38 938 943 325 601 167 971 -603 -399 772 -748 429 378 -298
620 730 -853 138 62 -773 -236 421 405 470 -279 934 684 -541 395 -57 -138 209 597 422 897 686 -23 -158 -323 594 345 -83 -133 229 819 605 -217 -578 -903 781 420 -285 -195 642 84 -572 -658 -551 -322 789 -662 691 -820 151 299 412 477 -167 -106 -940 -594 2 85 987 -258 75 -945 219 -960 -240 -868 -451 419 970 -52 474 -489 550 -210 750 -706 855 -834 878 -796 -336 -985 -235 227 560 -48 35 -239 -738 -894 -916 -201 570 236 -895 714 -24 -334 -349
-128 -13 543 -606 -802 55 763 125 -797 -395 -290 -74 3 725 -241 -84 -453 203 -113 264 -543 -177 -46 487 -275 114 -629 -82 112 -426 146 -844 905 23 464 -608 173 795 -450 301 914 975 -374 611 576 -545 850 951 -674 889 765 949 98 -864 875 882 -305 747 376 -618 -446 890 848 557 -168 -587 -851 413 787 -164 936 592 -509 -465 726 -292 -92 -762 -96 821 221 -181 235 750 -312 188 739 783 384 -719 -744 504 -504 -324 -329 -372 652 681 416 -344
-180 -913 -161 -328 -190 -553 752 -75 -595 137 243 -768 771 964 274 530 -317 479 670 -172 -599 -7 -170 -664 -257 976 30 -877 -476 8 474 -646 -333 -954 649 -638 652 711 -905 -298 -752 219 -561 -522 44 -32 745 -921 -721 919 -920 423 -155 -683 709 -971 185 383 63 715 405 181 661 722 -66 168 -741 -457 557 432 -603 -968 365 949 -74 -70 191 -142 -937 845 -519 346 -876 796 -281 617 645 288 529 -367 209 -746 418 275 584 190 -274 759 -279 -31
344 -386 -490 386 -80 926 -789 -644 710 937 -953 -763 -108 -887 866 -402 -787 756 355 703 -874 635 678 335 -106 -377 -26 -921 -35 -100 261 833 255 -382 -754 908 -878 714 495 -639 507 536 -9 -481 683 805 -158 521 -981 -210 340 -562 514 835 336 752 48 -95 -252 -505 -937 -928 562 -971 -808 192 -182 152 31 81 -995 898 396 414 149 -680 553 -705 267 -518 444 -97 -58 161 264 296 -915 -453 531 -726 -230 224 70 788 -630 890 493 -153 -137 -416
-983 -723 -7 789 -348 246 513 625 -893 57 729 322 -951 812 401 574 -428 -707 -72 896 972 -322 -286 895 -288 -343 115 -950 -575 -857 -41 454 -227 -280 395 -876 -11 -50 -819 -387 701 -696 582 -748 -265 -845 -943 -974 -815 -738 67 112 884 78 -187 693 -763 983 468 31 301 185 795 -278 287 670 -910 724 -215 316 182 -326 206 502 799 -995 916 -703 645 965 -5 -980 -870 -363 -965 -982 519 -230 601 690 146 389 20 805 560 121 133 -149 -123 738
269 -891 324 -337 -929 119 39 23 886 -149 633 154 858 -342 12 -549 264 -51 -670 -55 -987 387 -842 528 507 791 448 550 -92 314 738 642 462 -204 520 -805 -521 -827 -998 -212 660 737 693 -821 353 -851 248 370 247 608 -192 -884 138 -80 53 -794 168 -305 -58 -809 -417 656 940 251 727 565 711 -660 -752 -40 -275 -720 611 226 836 198 486 414 510 -465 -349 685 621 219 281 -587 125 -811 290 -19 35 527 600 127 -67 -107 -930 -338 -268 19
467 914 859 -418 394 -447 -410 755 936 -271 551 236 -598 -480 -156 -296 -401 566 887 422 267 726 824 -224 144 152 -580 280 917 792 116 -711 -204 235 -548 -953 -344 759 -219 18 121 118 195 72 740 -731 638 411 -321 -901 -76 -137 766 -118 727 -306 185 17 -970 912 -677 146 -32 -466 232 -861 -356 -809 482 -755 720 306 -411 317 -632 -54 25 361 -144 -592 645 -980 785 484 -397 9 -114 -272 992 -67 849 153 60 10 -46 -742 633 -175 -523 -311
379 -308 635 -984 649 -724 200 839 336 255 -316 369 325 714 -917 262 -525 275 919 796 81 -782 -101 632 -98 -593 89 -695 88 -383 -438 -434 799 -171 762 237 -819 874 -572 -620 622 600 -296 41 -124 431 -944 848 -568 -115 -204 -787 353 -509 -690 288 -662 104 313 544 154 650 47 -567 343 457 -807 -677 -193 -856 -413 -748 425 -198 -381 -224 -78 162 240 531 30 -517 -494 977 -573 -26 816 -21 -178 -216 57 859 -826 -611 299 178 -61 -779 217 -20
62 -423 -869 -504 39 -823 720 -648 464 718 -382 476 -484 -270 924 26 -432 -312 533 935 251 783 830 819 189 784 -129 -594 108 681 25 351 668 -896 -742 386 -928 -806 -748 222 301 659 -317 -99 -629 -840 760 -993 904 -972 231 856 32 -73 -398 -976 736 -731 184 829 447 -518 -414 -278 -283 -110 -728 -158 -927 -84 -384 526 836 109 -617 -499 -756 -501 900 392 643 -5 199 -419 300 -4 -451 707 -803 -395 175 419 210 -562 -406 -354 -336 -725 -621 493
896 362 -305 925 -816 555 -708 288 -748 -893 -756 -139 790 140 632 -287 -174 577 893 -969 767 -868 538 -335 -817 -563 -951 763 252 -702 755 832 149 69 -158 617 -843 -852 -313 -891 691 296 -656 -844 -145 945 284 549 -595 -583 198 294 -304 -809 -430 -418 217 964 837 -392 260 -712 -436 -539 999 -87 675 -79 -168 195 -125 -112 719 -247 202 289 -659 -337 687 -363 67 798 512 543 783 276 717 -596 -676 770 -70 76 -520 409 -359 -766 739 981 286 361
-427 -903 -440 -771 -662 723 477 705 743 -103 649 -117 -826 -786 77 681 806 -367 -734 -659 -407 -191 -692 -64 -38 -18 -569 311 -552 373 891 751 708 544 -126 -847 309 637 297 -711 903 186 270 242 175 -7 387 -599 -848 -42 862 -514 711 -410 748 -373 -598 654 -311 -383 -597 147 630 -508 378 -342 686 -364 -447 939 680 633 -797 382 613 -637 651 -781 487 -331 692 -636 497 -966 852 -99 468 978 -386 164 -244 -197 -87 584 176 -109 784 -609 103 918
-563 867 -346 208 -532 774 498 -923 -30 902 575 322 -993 872 859 -254 32 934 -503 -839 335 -951 -549 274 639 -472 -812 -888 808 870 -450 -813 77 -946 -206 460 -577 907 -251 427 -224 -977 -990 76 216 -83 602 10 -445 524 217 -610 339 823 -994 70 355 -638 -213 679 -382 -629 -690 -545 -335 860 -11 508 -669 -647 -531 -999 -455 535 -423 -38 348 986 404 -341 703 865 -973 -493 -848 -541 -692 149 -387 -979 -362 458 204 -751 879 -699 320 -591 -773 -641
675 58 301 307 917 -277 434 581 318 974 769 -144 -900 -169 596 563 576 -460 617 -290 621 600 -469 124 528 401 -162 -818 -929 -337 501 819 814 963 -466 48 -892 -836 -67 -349 -736 661 882 -7 440 -404 -841 -152 -457 -725 -294 572 165 -387 108 9 518 -985 -282 -261 879 332 -864 -969 -285 730 -771 542 962 -685 -274 -327 604 454 -560 -618 -314 -376 -942 794 -133 -526 823 339 229 -381 -13 519 -688 413 -806 -409 607 932 -55 649 901 446 -402 998
-517 179 -620 738 -763 -381 -245 -841 -458 -628 736 -167 885 -686 -195 261 895 -810 981 -321 -913 -355 -609 631 758 754 761 747 721 -241 483 566 446 893 -108 -642 -761 641 997 -526 -302 645 -898 -273 -860 -871 -185 -608 303 415 -397 25 837 -795 232 -476 825 145 -56 -269 719 -805 -846 482 766 302 -764 221 929 897 644 904 -527 244 340 -268 700 -86 -377 943 -410 -875 334 -682 485 -151 93 -286 -605 -295 -30 693 -824 950 -31 347 -26 549 -869 932
50 873 -155 999 826 -699 -804 -380 193 -969 887 303 933 -524 -400 444 -468 957 -516 12 -324 -574 -986 137 879 -323 -564 -532 -469 -525 -704 -317 261 -101 182 944 -577 45 -330 -109 -790 -788 81 -903 687 -894 218 622 192 158 114 725 505 -889 782 8 -192 -165 504 -904 -925 274 -245 -837 -26 878 -388 342 877 -123 480 -476 509 -420 299 787 102 865 642 -311 -207 453 793 115 -585 979 190 -921 -614 -193 -433 70 756 727 -534 -496 403 285 -928 189
193 -122 103 330 -297 361 810 547 262 913 -872 953 -48 733 -731 832 -749 -96 264 -22 -249 -701 -740 -651 719 -615 -169 -185 159 804 -401 683 778 -359 865 787 -623 -229 -681 -608 -996 -614 -897 898 561 602 17 -39 677 987 698 -995 11 -612 188 994 -168 422 852 798 -569 753 709 -41 -442 -312 -666 -181 986 726 -336 -782 -506 -111 -567 408 524 -675 283 -391 894 77 -857 -158 307 -657 467 331 619 -954 748 -11 158 152 -244 -362 192 -355 20 -998
646 909 -73 -420 56 312 654 -886 -604 405 500 -462 708 -530 -309 -992 -210 796 -164 442 470 -262 -691 -736 113 -830 -45 128 767 919 -489 -396 -780 -861 134 703 940 -647 454 650 -430 242 450 953 -183 -226 -743 -659 -923 982 -63 -850 731 -242 785 884 -50 750 -889 -364 464 -922 -244 722 990 355 -887 395 678 -702 713 -895 -341 -467 416 519 804 -546 -59 -435 -189 55 530 -594 922 -55 143 -775 604 570 311 -569 -975 -704 981 7 -715 -316 871 968
474 218 -448 236 585 195 -11 993 117 -683 269 -600 -822 601 -887 -656 63 -273 -274 161 -119 639 -21 -726 714 678 762 -16 842 688 792 525 -721 -315 810 310 840 968 -865 -316 -794 -684 -409 891 626 -732 642 -147 141 -345 -754 -563 447 -498 -322 78 166 389 -194 731 -769 -895 301 -897 -304 909 209 311 489 -666 816 -380 769 -892 -434 725 -406 457 530 568 -114 503 175 890 -852 -317 -310 -189 -169 177 247 -579 645 -995 664 427 574 479 -606 -275
-389 326 -100 -82 -536 -786 -104 196 762 -284 -65 334 -820 735 -747 130 962 915 -148 354 946 -832 -754 378 637 -368 913 765 -102 677 -474 158 -131 34 56 -3 -22 -472 -540 375 -67 38 -645 -473 -285 688 -181 -261 271 -502 587 267 -998 591 697 -824 7 65 -24 611 -833 243 294 966 961 -64 102 -6 -45 793 -565 -235 111 -312 -183 -875 -920 -940 -179 -623 459 -90 -956 -494 -750 728 -785 319 314 -551 -991 850 -353 -101 -784 -448 141 -259 520 811
389 852 588 748 556 -344 -496 338 845 279 -416 -940 917 -258 492 -673 -287 -351 -561 -650 -663 530 570 429 146 -613 -193 -678 272 -67 -288 476 -37 -15 137 -635 665 -322 -411 -204 -831 650 195 431 168 -529 537 -238 705 -406 859 797 270 739 -206 941 973 -241 691 -445 -218 734 -461 922 183 -436 -910 855 266 -702 -277 194 -110 700 856 -153 -29 -586 -509 -740 -945 527 440 17 -415 -16 390 438 339 138 538 -942 -713 707 224 677 -802 -743 155 984
165 598 -840 -686 119 -175 -460 -914 -87 -915 -501 -483 -646 -82 -498 994 582 102 980 -717 327 -202 -529 -93 70 553 61 -778 -446 -956 -98 -405 -322 -471 -547 -476 693 867 454 -45 -697 940 -980 -735 658 -823 -938 497 -639 -652 -819 -665 133 302 -173 -787 818 169 526 483 -779 -737 438 111 -466 680 67 -157 -770 524 -771 -429 742 -617 -334 -39 38 -507 -763 930 -589 -522 -690 -785 986 151 177 -808 355 884 -567 561 223 -740 -362 -358 107 -326 -299 644
-779 -740 -214 -592 -813 -604 131 -142 222 -521 651 -610 -909 -746 -393 225 -381 -745 -905 966 -611 542 136 -771 -799 -778 -811 -782 347 -841 -594 263 138 -800 343 572 937 150 686 -111 -55 581 915 -293 416 -117 -701 735 -183 316 -190 643 597 -633 -833 -649 -718 -513 47 -239 758 543 248 -441 328 599 -54 168 949 617 19 474 843 -210 252 952 30 -143 -755 -277 -792 598 -197 441 -661 -47 34 863 -720 -155 -316 606 -311 468 -132 825 747 384 227 -552
512 909 -90 -152 784 -551 587 -771 -566 312 -853 -993 494 -27 967 966 -132 -677 707 -768 -204 -923 12 120 628 -496 787 -40 915 764 -605 704 -125 -434 -261 -975 -879 50 -959 -213 488 66 -289 91 -151 -184 -427 -124 307 111 9 -196 538 -999 -861 601 247 893 902 -882 -300 778 -388 -463 635 470 291 -286 -310 343 464 311 815 137 -907 32 209 605 -266 798 377 -167 -874 -422 402 746 502 -616 -668 -669 -117 539 862 588 -443 -270 -797 250 -737 -558
-737 273 -156 83 -389 546 604 -779 402 -495 -720 -867 -112 473 -546 837 167 139 467 691 677 919 -949 -716 429 -944 967 -307 -382 172 754 -142 -134 -875 -425 -976 -613 887 449 -982 938 -735 -762 233 -805 844 52 463 -725 -266 -650 485 671 962 -715 -838 958 -340 -385 -446 -619 -967 99 -278 147 -794 -678 -279 -665 521 871 -583 842 -184 -704 692 575 156 -746 87 200 195 271 810 -766 756 487 536 32 834 760 -465 591 285 -483 -326 -974 658 -163 718
-853 367 -289 -52 178 -456 -777 -51 28 -960 -665 -975 -37 -310 -271 952 -929 -386 -838 895 748 -232 321 732 509 -802 -140 -831 -936 847 -305 745 929 816 818 -326 -862 -425 717 433 -429 496 -547 138 667 -246 411 -437 -767 -639 -189 -149 -423 511 -129 374 769 -357 -983 -554 -740 -133 -315 -469 -215 950 -390 734 -43 379 -614 -841 652 76 506 -807 -92 50 256 -502 -458 20 -949 125 -225 -402 307 -788 -633 -322 -432 41 813 647 -987 -904 -307 446 150 130
-976 760 -415 -631 859 940 -554 906 556 -214 -508 129 923 308 -429 -778 663 362 891 992 -20 -758 801 474 -696 776 339 945 -772 230 347 728 -552 -835 268 -777 -687 457 58 142 -901 -577 910 -15 -775 209 289 679 -470 818 -843 -31 -736 -21 -698 -79 -139 725 -110 99 192 315 -709 -259 743 786 680 -940 -645 -532 697 -360 584 -387 843 -567 -742 152 -982 554 248 -688 188 295 720 678 -745 -608 -7 491 229 -419 486 -988 -819 -814 798 713 76 -749
-377 -312 -497 -86 -739 -149 363 -759 -353 507 125 310 -438 -237 431 954 -671 759 -336 -641 -114 427 -977 -970 -256 -143 -682 -609 137 -118 -120 336 -851 -274 474 56 -962 5 683 -368 -166 -245 29 608 -803 -463 435 107 317 25 980 814 -789 939 603 578 770 -568 -712 436 -365 423 882 -589 863 -204 -738 -530 -439 226 -565 719 165 -688 308 -926 -850 -612 -248 549 66 -669 839 -239 743 729 126 -703 928 -302 820 147 -521 -411 -310 -915 638 899 -731 -107
933 772 -513 -377 665 802 -731 589 -966 -197 -342 -756 -699 670 668 774 715 -156 -831 205 472 -428 -537 297 517 874 803 -499 -574 643 348 189 82 -97 310 -913 0 -841 -284 98 713 -543 -403 -75 225 -588 353 -535 138 -971 508 341 654 591 695 -313 870 308 365 -164 -264 218 210 744 -915 -423 4 -657 -970 810 491 323 -474 -219 -871 -984 178 198 987 260 545 79 -821 -907 406 -928 -692 -188 -648 -434 -198 954 -370 106 469 801 -880 -10 -46 726
649 339 -540 -826 -767 -494 -969 -118 -135 128 -181 -378 -256 -332 810 399 -633 -358 -820 956 762 -115 -189 386 52 456 983 -858 561 -3 3 -316 222 276 568 957 954 -346 -463 72 -647 106 -489 -829 -223 -493 761 -678 477 -904 -643 -642 -33 58 936 -155 306 -849 -59 -812 -444 774 -813 393 -990 -416 -432 -305 874 16 -834 -582 -137 -799 -104 805 -590 -41 900 -579 712 -62 978 -708 -481 -40 -66 827 -889 -128 -301 -302 -236 -921 204 -237 -117 928 -53 -231
-845 355 65 -69 -446 -158 -371 -494 -132 31 18 -46 -482 -898 -745 -674 -263 -731 151 169 706 821 -794 -61 -458 -668 921 -502 -862 -297 -441 -359 -337 290 773 -744 109 170 -738 -895 283 -586 521 538 193 415 -483 381 776 139 -55 -676 853 -397 -203 490 -151 -237 309 516 208 -137 -426 906 -905 -978 454 -925 -547 565 -444 -785 -658 495 -440 -343 -28 794 3 -172 -470 774 -989 -909 388 -449 560 718 684 -710 -257 -477 -602 -768 753 -23 -544 551 -752 427
229 354 -386 169 -709 -839 -635 808 2 -610 -834 -597 -119 969 555 359 802 -241 -989 -830 -919 181 378 634 779 -678 -831 -139 315 429 -496 -425 -580 -273 736 -305 -672 -17 -905 599 890 633 455 95 193 604 -490 986 -946 741 3 932 114 205 -920 -717 -813 -8 461 -987 219 935 -958 947 -26 482 -145 152 -994 -428 -52 -483 421 50 952 -33 -890 516 -683 -356 852 68 162 -874 -852 536 -960 -655 59 622 847 -961 -321 251 892 -116 400 -450 648 -515
768 185 24 603 775 -540 -137 294 -173 650 504 -578 236 -286 68 -310 445 -770 225 -54 532 -477 265 609 -679 393 670 0 -793 -998 -841 678 8 928 377 912 -311 397 192 976 183 -934 -504 55 844 399 -169 -326 182 -7 407 -163 -976 242 -274 818 -350 70 -595 408 -411 121 348 -2 -167 -933 207 -821 311 -53 926 315 -270 -16 567 -742 -320 -854 334 -853 765 748 -750 832 -849 655 -211 -539 -747 793 -875 -85 999 -581 -423 -980 544 431 491 994
-369 -681 -87 463 635 -861 -117 -832 -296 -619 907 -626 225 786 657 718 84 184 -198 -470 719 -649 900 -895 993 -858 -9 825 -105 -598 119 -633 368 -439 -416 488 589 252 -467 -739 -718 790 586 761 -317 96 -118 877 613 297 -561 -190 -670 762 -16 375 -673 -850 731 672 156 14 975 -675 -474 355 386 306 550 36 -5 -406 -225 -246 -817 548 863 781 -266 -52 -18 839 -981 -916 801 713 -251 384 -353 -537 -715 64 -149 -948 132 887 739 275 763 751
[RUN #4 500 50]
20 236 -11 608 -90 -543 -438 -732 -968 818 -159 31 978 976 57 -323 84 -401 -867 895 47 78 143 -304 -477 790 -238 -603 969 -471 69 558 908 -498 996 268 738 -657 -337 38 746 -658 -767 706 -341 -916 -880 -739 732 -358 254 -368 -308 -882 742 840 470 801 -502 -811 -629 299 -982 -291 362 214 -510 940 -861 -228 740 613 358 389 -260 586 139 -562 244 675 -189 -751 -234 -838 -598 -571 671 -854 -131 428 -265 -193 -144 -70 779 -999 532 267 -421 -345 -388 -561 -445 -501 583 679 410 712 933 429 346 402 -930 -256 777 9 921 395 -738 915 782 -48 -959 430 -925 -505 -976 -613 -29 508 -674 -100 -796 -187 182 869 258 -678 -548 10 -182 248 -604 -151 682 228 874 171 294 -103 297 -667 658 -684 416 29 274 -154 644 479 -550 130 48 917 302 -971 -61 -400 -609 234 824 -823 -216 -332 929 -367 979 -651 -688 -824 -245 -620 -173 -730 547 749 -484 -957 986 -594 -512 563 -980 22 -58 -755 -57 557 -63 609 -237 497 -696 74 542 -224 393 793 380 -759 959 -522 689 977 -469 159 -877 217 946 -172 -319 -463 -559 -73 -390 -840 -98 -600 -942 875 844 -94 970 950 999 -841 -41 -481 -919 757 819 -633 639 -65 624 719 -862 158 -255 -105 955 -765 -723 -149 821 -418 -225 -856 -801 -83 -315 698 331 998 -491 -929 -10 -411 -158 -592 200 98 211 770 -147 186 545 971 -241 -713 -924 -330 153 -941 584 653 -143 -569 56 -387 842 646 -1000 164 -351 438 741 46 446 -792 823 651 369 -375 -137 -698 -529 -338 76 892 -566 277 606 691 920 760 -734 -625 -454 643 -347 -664 -813 561 494 -770 603 727 -547 250 -626 -125 771 -844 -272 576 992 938 -5 327 113 213 -829 -44 -709 -586 -994 137 898 224 116 939 -833 79 -839 -432 -464 115 -579 -456 241 758 916 -26 -762 952 582 -621 -1 319 -936 -791 -226 35 206 284 417 897 466 -426 756 -117 -778 -705 88 -79 -124 702 -487 941 202 600 -410 379 -748 -49 -827 114 -478 475 902 814 -874 993 -954 -205 -180 761 -535 891 -413 -926 -695 -269 530 230 111 491 485 -43 632 -640 -360 -258 640 -671 81 11 -943 -896 5 99 804 304 282 813 -294 -377 -565 118 34 919 452 -23 767 324 -643 -857 503 -553 374 -900 -373 934 -601 598 439 198 -184 382 879 -517 377 82 870 806 -86 -567 131 -174 -977 -718 -440 409 612 -670 291 7 -114 -935 -449 -36 80 32 690 -879 -369 -153 -297 967 -931 922 207 525 -293 972 435 808 -786 807
-736 -448 437 -163 -43 74 914 643 29 218 968 -771 -975 -571 425 684 111 -155 -176 236 -834 559 872 -256 -862 789 97 -692 -198 -814 -185 129 -1000 582 918 -90 -998 809 695 420 -331 -537 -327 -819 -128 302 462 366 110 -104 -340 881 691 -567 648 -845 188 141 -841 -655 -499 -986 675 859 -926 195 -865 -626 -175 16 879 -227 -587 -900 -658 546 992 381 -372 -22 770 311 -682 990 92 -425 -86 180 887 -126 138 524 -955 -100 -727 -182 919 65 27 0 969 -309 -454 -36 101 -914 -870 -52 -818 -825 -109 119 -902 85 -854 231 458 -428 300 497 -486 -619 162 -63 529 131 811 744 -934 526 534 476 -709 771 112 -257 -906 558 774 -737 -339 -784 -648 -981 -826 -509 468 -714 -456 234 -844 -108 406 -974 -348 673 132 820 274 -127 782 -807 150 -238 479 317 -805 -911 -570 407 883 -495 -194 -190 -379 3 761 -478 430 -828 313 755 -20 527 792 -920 630 371 -261 385 836 -731 947 -6 378 -553 -604 382 982 938 848 754 -644 -37 270 -903 507 136 -452 -994 574 -264 760 -866 173 370 -411 444 -123 26 802 -430 -222 573 254 575 251 -694 785 128 -461 66 -677 411 735 242 956 233 229 -912 727 -734 966 -583 114 -835 741 -119 299 -671 248 126 -187 -505 -971 -54 -399 -800 281 808 987 -122 494 13 -302 95 -761 335 971 -329 -858 -754 322 -5 -295 772 -787 40 -472 712 -141 -471 -39 -136 247 235 -675 285 -512 -851 -516 -770 -744 219 493 -370 183 -169 -657 182 810 591 -965 -740 -940 -311 202 826 -385 -139 184 -948 -403 970 874 -221 -849 -85 -544 989 -705 -431 -111 -259 133 359 -485 892 31 -875 452 -519 -728 -782 -143 846 -87 769 -115 587 570 580 -192 284 -884 931 -717 -434 683 199 -354 408 -545 670 258 -284 915 275 316 -32 113 -235 -70 397 698 276 -30 404 865 827 304 -916 298 -363 309 -732 -237 -466 797 380 994 732 -460 536 812 -947 175 -538 -783 -750 -979 241 9 186 -674 -745 434 813 -616 21 232 920 200 -568 -923 -827 12 -573 967 -563 122 -444 137 843 331 178 -73 -244 312 -433 -610 -362 165 492 -606 -703 118 -855 -164 261 -270 -670 878 -1 -806 743 664 123 -337 157 -387 365 447 469 99 -159 -293 -829 324 -917 838 934 -933 361 747 -935 -93 -458 -555 376 862 976 98 -228 -451 704 805 -450 -642 875 264 -687 -131 847 -345 -217 633 825 948 448 351 -973 363 -65 262 -397 372 -904 926 -679 -605 377 -760 904 962 326 -290 708 124 483
-217 686 848 -252 514 917 -986 -296 -881 679 -880 -312 663 88 419 -498 580 -24 -633 -351 -834 533 493 -191 205 -645 -483 -52 -611 256 -469 -756 133 -208 343 387 717 -680 -178 -138 -183 515 -987 -523 49 -789 189 629 -972 188 -459 420 542 79 889 382 23 -895 194 318 -129 669 755 -671 594 294 185 -555 -79 -887 356 310 787 652 -512 553 -770 -37 -864 -318 -18 270 -745 -235 958 -700 -232 -249 702 -917 -128 -165 780 -991 585 680 -560 -143 -674 833 581 -17 -482 632 916 805 885 123 826 -640 -832 745 799 -209 273 -960 -606 -912 217 -992 -311 240 -250 -885 -559 405 230 299 355 988 -261 360 -336 -238 204 -922 3 -85 -153 -106 879 477 16 720 -568 -781 -356 -664 -334 89 864 -132 -237 238 940 851 78 901 77 579 605 302 103 263 389 -615 -935 -485 -795 168 -7 775 933 657 852 674 815 -672 366 997 74 413 -798 -583 468 -266 595 -103 -554 484 371 926 82 -308 -362 232 -718 788 733 655 772 -934 -642 -110 749 -256 219 -64 -757 740 -122 -669 -301 -259 -869 706 255 -104 -765 338 -577 -730 -417 102 331 -303 -80 -872 -486 334 842 244 -227 -464 4 323 -396 392 191 -537 942 414 -668 433 -476 -429 -346 209 -751 946 -506 -244 846 237 148 707 -363 539 96 361 523 153 53 -501 728 -466 -767 465 -236 -492 -169 -811 -352 36 380 -699 -803 -193 -812 522 -999 -608 478 -433 872 333 -198 52 -54 -714 676 128 271 699 -782 345 790 -43 410 418 322 -769 729 -596 -660 -315 161 480 388 -661 262 -53 -283 -776 -405 -184 -423 -739 259 -424 -838 -861 900 956 -141 -788 354 -22 628 106 612 622 725 -230 -612 928 -675 -889 635 -529 93 196 162 -594 573 976 0 -255 -9 849 -297 822 -467 -764 -28 -604 90 959 199 521 -825 248 -907 -470 -570 -155 -521 -587 -125 280 -474 -431 -234 -818 643 297 703 551 609 -323 -462 902 111 444 -488 441 423 -871 -703 170 -361 304 648 -120 -524 -331 -635 -150 -522 -457 540 -809 559 546 -515 -533 695 -667 293 -453 158 -746 696 -816 667 467 903 -787 862 597 -50 -375 406 -697 27 231 726 -414 776 -325 -456 172 -590 982 -12 715 -758 743 -439 583 269 -369 -725 76 -137 -117 37 880 -509 -733 319 -88 164 -333 -278 277 820 -744 797 -224 -588 -441 -526 -682 762 -941 438 239 -919 488 -221 -988 390 94 -761 598 -428 -562 58 442 -407 -567 -185 120 905 -900 654 760 -442 682 -463 -96 -618 -446 -948 -801 544 176 403 509
812 711 149 973 781 150 954 484 589 942 436 -847 600 712 291 -302 -668 647 154 -590 -722 -644 -929 486 76 504 921 -200 755 -218 126 745 130 926 -871 -673 -768 -361 -671 226 -785 -931 540 -667 -467 -861 852 862 969 395 -625 501 -837 -149 -313 169 -341 72 -312 857 -264 40 898 -216 25 905 814 661 58 -888 70 181 -252 -360 708 742 -405 -145 335 -9 21 221 505 -782 -997 -875 932 307 826 771 667 111 -890 449 687 911 -712 696 -57 -229 521 625 -193 -822 -792 -579 452 -808 -39 113 -272 2 455 -683 -345 315 -616 211 633 -607 430 904 -517 -538 562 -979 462 723 249 -879 442 953 475 -805 392 682 81 -156 480 -519 762 404 -60 570 142 866 387 -622 -530 -388 991 -481 -895 940 819 -909 304 274 64 147 -435 753 -219 -445 -432 594 457 220 -411 -766 -347 411 -320 -835 -992 -61 47 -375 -337 106 -140 622 -251 621 -846 914 686 -707 -202 -686 -332 184 580 -144 -103 270 -27 -433 46 278 -344 322 389 746 372 6 752 883 533 772 401 -829 -552 -487 114 -718 -858 -574 -598 197 190 84 809 330 -561 -490 599 685 -649 77 524 286 761 83 -675 -894 -957 -194 528 -563 156 559 431 369 731 -154 -401 907 -423 -220 -570 -603 -451 -959 -576 612 605 437 -742 818 690 316 906 -342 344 552 -775 676 -241 986 -549 -306 947 -376 509 847 -990 -756 695 -544 -338 -912 -991 229 499 -52 -398 734 -258 -109 -477 -377 230 28 964 -750 245 916 420 223 -608 -298 -994 128 642 -907 -508 323 975 827 -955 990 144 -611 309 844 483 -806 -655 -690 137 997 941 174 -864 187 518 41 410 -968 566 481 -903 117 788 -372 -10 959 -72 -118 -506 -420 663 775 82 347 -195 327 609 631 -505 201 -862 -316 -629 890 131 -539 -469 -358 -479 -416 987 -967 244 -146 302 -697 -926 -920 -986 531 -470 -104 -373 390 543 604 74 -696 739 -166 -385 615 363 163 903 -171 434 587 -980 798 -688 -659 -437 790 -494 -265 -582 -550 -706 567 407 -515 -67 -597 258 -181 57 -259 835 366 -270 -776 -637 683 547 843 -201 -227 871 -942 -872 888 -627 173 697 598 945 800 459 -761 -147 107 -904 629 391 -315 597 -1 -230 -191 -68 999 -777 178 218 100 337 435 -684 -930 -507 246 -664 623 -745 -228 -160 -753 -682 719 294 757 -409 -247 -74 -66 998 -666 824 -738 -635 -192 -932 206 -565 799 593 727 -807 -364 -860 -352 -958 654 398 -913 951 465 196 -396 -95 659 -165 -700 830 -935 517 -674
-702 -438 -856 617 -10 -340 -785 -268 -872 -727 -997 294 591 785 -194 398 -590 -434 -448 -849 161 -681 117 -492 -865 -929 984 -393 961 149 -267 835 823 -277 -701 444 -254 859 261 587 -984 -989 -676 564 -486 -729 946 -234 -986 126 918 846 -818 527 205 -999 -150 -995 -710 181 -878 631 -975 -529 92 505 -926 981 196 510 439 -410 -887 -258 106 402 77 154 -162 840 701 540 411 -146 -968 76 571 606 120 -122 478 588 -413 542 230 494 -755 470 -950 7 -282 547 805 772 -718 -253 324 684 821 739 -539 357 113 193 -786 833 -585 -750 -868 -917 622 829 -830 -223 374 843 -175 -608 812 -972 -378 -725 329 726 176 -617 645 590 -565 -600 -490 397 909 467 758 -606 675 187 229 -835 650 50 -652 396 -249 -636 865 -922 -613 -336 91 760 404 -432 -740 -620 578 -763 -906 975 738 630 -915 399 -852 381 797 -100 -862 -560 -125 -801 130 -357 903 4 -209 980 -519 -233 841 350 25 533 89 773 74 -863 -803 -204 157 266 360 -949 -811 -424 64 -582 915 944 -520 855 -561 -71 387 -861 489 400 186 876 -20 483 337 668 1 -104 376 -697 -219 319 575 235 -351 885 -788 -973 224 -9 -902 109 10 -325 31 696 353 417 814 -588 -511 202 692 -777 -584 -47 209 434 -583 -127 -524 22 -381 147 -415 -114 699 983 -712 -345 -523 788 -284 -91 553 -279 -496 -545 -736 391 514 -252 -569 341 -571 459 -84 882 -961 628 -716 -792 -642 -36 -467 -897 -318 -890 258 239 -857 -841 780 331 845 593 379 956 744 -790 677 550 -460 -4 -272 251 14 211 969 779 800 -203 -892 -307 -517 490 972 762 525 -895 565 362 711 -648 -102 -521 101 577 -820 998 509 -137 201 370 -609 -296 -372 41 734 -813 -610 -211 -286 -154 -624 43 620 730 -379 172 145 -684 305 716 -823 -480 -805 393 -508 -387 -376 632 -819 928 472 -764 293 -963 -177 -711 250 105 -56 616 -935 383 28 455 119 -546 -471 112 -128 518 530 -487 203 184 17 -212 429 435 -758 -420 511 94 -759 -355 -230 -952 104 436 924 168 -925 73 -978 579 -576 -640 783 428 -295 111 290 -281 492 -280 160 -423 880 517 189 -705 -411 600 -715 -112 19 138 608 -454 -439 907 328 999 137 -754 200 -936 827 57 320 473 93 241 -157 -559 -72 -324 -757 325 -909 -625 102 115 -167 -959 15 -735 -874 -974 741 -285 927 -377 -474 242 -190 -630 264 -659 -134 -217 -310 -834 -882 759 -668 406 873 -185 904 -111 598 -106 -347 693 -775 -967 856 -462
-892 962 -596 538 294 339 58 -469 -900 193 -46 68 563 555 -189 696 -456 -439 87 735 452 -117 -321 446 536 -804 -819 641 231 -137 -193 13 -125 535 -699 -198 -467 -346 -621 940 -396 987 -204 -19 576 -26 -268 -808 -605 548 587 50 971 517 -792 -881 -392 581 944 -186 864 609 -118 -262 20 -675 -925 118 -993 236 -342 -718 -111 -476 170 272 -864 -513 -444 721 873 267 -753 -94 541 403 2 -683 -789 -874 266 -166 -737 112 953 966 692 -326 -214 440 -168 -548 -634 -429 843 -361 -928 487 -323 -161 -837 -829 46 141 -368 -404 -507 878 456 -365 -366 585 756 -846 -295 213 -345 -310 912 -265 -387 695 918 650 437 269 244 237 -934 -756 56 -383 -530 -958 -154 -950 691 405 797 -707 -895 195 -259 951 -200 593 73 -693 26 827 -968 986 343 -565 -484 221 -123 32 408 -408 -525 906 -618 591 -324 153 -923 584 -910 -974 -382 389 374 -206 -714 -985 -275 -215 876 -669 -979 615 448 -870 -561 -261 -33 -93 102 688 -739 872 340 815 -165 201 -211 753 882 445 311 484 122 438 -472 540 -293 738 -428 -766 177 -47 -494 601 -12 -36 291 -555 -17 -376 -544 -21 -3 -646 913 773 6 781 223 -899 -914 -320 -613 397 257 745 680 -815 -589 -418 -754 830 399 -727 -586 625 -816 11 775 690 687 -369 -66 498 990 -630 309 256 -415 459 211 146 577 -840 8 -722 -464 862 434 -414 393 -425 528 796 -162 439 833 -787 -486 -523 212 550 855 298 -250 689 994 -188 -344 -700 419 188 -842 -771 166 933 -413 415 -6 -234 268 -694 264 -879 255 -85 -855 -462 -303 373 737 308 306 312 -452 -213 -420 -801 -466 156 -260 390 -294 350 36 598 -698 -708 154 174 -651 -145 -658 708 17 841 897 367 -229 -298 224 477 -448 21 560 -128 565 -972 608 359 -110 -81 -691 939 -933 -931 896 342 925 5 95 -288 -908 -379 -233 -524 -678 -606 -758 -39 286 685 227 -203 819 -798 -765 -894 175 299 -56 -810 -614 751 759 -734 128 469 -721 -440 -357 316 369 -954 -602 -960 249 -30 -839 337 -381 786 -955 848 287 -354 -99 86 -702 543 -901 -850 -449 914 -830 901 282 493 -995 -20 -919 -770 45 521 -236 961 180 -733 54 -851 -86 -42 -178 681 -549 132 866 107 -632 -152 503 -230 -695 262 -569 -942 -786 -144 567 -124 -244 -481 -167 476 916 -267 -880 302 -248 -483 168 -87 82 232 -72 642 205 932 780 -410 870 62 -572 -55 -446 -360 676 -629 929 -948 821 329 -878 558 -291 47 -80 -337 360 -984
407 -396 688 224 -826 -295 -340 480 -535 386 582 -817 269 -845 97 515 169 833 -903 -135 803 -990 114 875 -551 -369 -188 -876 149 -583 -602 865 -644 273 308 526 817 403 126 -691 -446 832 133 -33 513 929 828 -178 -607 225 -95 618 -114 200 897 915 51 -675 -928 737 208 -370 399 -462 -322 952 57 -788 -648 -326 293 721 160 -824 106 284 917 -259 985 -317 -874 146 210 229 82 -705 -971 -479 31 -863 406 -744 -61 -556 215 26 -958 -485 746 629 -345 807 -54 -315 -279 739 -234 -247 -204 -165 -776 -697 -685 761 553 328 -989 -507 192 371 -604 709 -737 247 -231 749 394 877 -471 690 -910 444 14 -86 -915 140 -200 449 -980 -149 -978 -262 510 -143 -52 111 -902 366 -32 325 87 -168 56 -999 973 -538 845 -562 -393 60 -858 -851 344 -539 23 802 437 448 -596 -617 -109 -678 -731 760 -718 -423 710 -63 253 362 92 -679 350 972 -563 547 525 -382 -207 -244 -123 94 974 837 -880 -762 720 -437 -972 -470 -191 374 -83 -422 -64 294 -969 -930 360 -166 -763 -721 446 -758 250 724 524 -466 -388 962 -682 518 -253 544 -237 -764 -658 693 274 531 -905 373 -494 -441 -193 -49 -356 392 -106 503 534 -518 -890 -214 867 184 -353 878 -448 -869 -861 899 -664 296 635 -435 -942 471 216 413 -238 -385 412 -879 -595 -918 -974 579 -280 -34 -368 71 871 207 -43 117 263 -505 -263 809 107 605 -126 799 -995 -28 439 -357 -965 9 -255 -844 636 670 -474 -160 593 -318 -720 469 -726 -288 426 -828 982 -809 538 266 327 113 774 594 145 933 733 -267 212 -211 34 586 -940 -499 913 383 349 -298 314 900 -348 840 -444 163 473 714 838 -521 -503 -789 -907 -772 902 -171 190 152 887 -746 -156 -647 -512 819 -293 -98 -724 600 -53 -467 -715 820 -268 -842 201 713 -434 -893 -779 135 468 156 660 639 -742 -419 -676 539 -838 765 784 729 278 621 719 -113 348 -154 -641 277 -266 134 357 904 953 892 889 95 -478 -186 -693 -164 -251 -628 427 937 311 548 351 68 -578 590 868 936 -96 938 -111 638 462 342 517 -321 993 315 22 303 -868 -116 882 -993 -801 -759 -472 -700 206 -761 173 -765 -732 736 650 -456 -59 -284 -77 -15 440 227 759 -248 -950 -688 706 612 750 -887 239 -575 -853 -889 -122 141 -275 -545 -37 -362 389 -660 59 -611 4 -681 925 536 -875 563 28 -632 45 405 -66 -694 223 571 -823 -48 -686 88 981 682 77 905 -948 -374 -540 -487 -80 -14 -610 -65 65 -162 604 679
7 182 -242 -886 -6 -226 -112 472 138 -504 -606 997 298 -485 -625 -466 -317 -903 -967 -540 763 -642 858 -184 134 -514 -314 213 -453 -947 -157 229 150 -626 -707 -957 -773 599 -254 -13 -576 745 -986 -483 -427 -150 67 -248 -750 -726 350 -65 -868 633 -583 196 -20 903 -315 -348 789 194 775 -896 -955 679 -649 14 -869 -586 -183 283 166 757 -985 568 187 384 -814 725 -711 517 -203 -325 -97 857 265 -127 47 426 -981 452 275 -320 401 -689 -290 -821 985 -81 574 66 -148 497 392 543 501 559 -812 -131 -564 797 -712 -861 -171 -777 276 307 393 -96 -275 476 336 -633 597 251 -561 -760 -974 -597 818 378 -481 632 414 -648 387 897 627 -658 16 -784 -796 -919 147 -205 170 191 -529 -911 765 -337 -556 977 561 -173 706 647 -258 -395 -679 21 -362 -881 782 -836 -737 -241 461 287 -499 -895 -889 -885 498 456 175 705 -882 397 580 -638 149 718 34 -682 -775 -531 -793 -463 -938 97 296 -907 232 331 -198 220 443 -509 -478 544 768 217 -601 406 -415 -331 -145 -102 -394 773 634 473 563 -56 -614 107 179 760 613 49 380 769 64 876 133 146 630 -656 198 750 660 767 834 -305 533 360 -267 -72 582 -160 676 982 542 -876 895 71 -380 626 102 58 247 219 529 733 -196 -719 -960 494 -168 878 190 528 -635 100 -788 467 81 -783 -329 -496 -716 -341 55 291 -654 793 236 86 680 803 -761 -849 -604 -321 -339 661 2 -500 436 290 846 167 -703 -297 92 -328 -256 -7 727 975 -596 43 309 -581 -914 -730 186 57 567 525 929 227 -545 854 -231 675 -621 354 -623 620 -533 666 235 777 951 480 -519 327 -262 -591 128 -336 12 346 -618 -680 -62 328 234 578 -369 122 -129 294 -78 978 -58 314 616 -510 504 -729 -562 -36 379 84 299 -645 -181 -288 -589 -24 -397 -366 -659 -830 -158 -472 -899 595 -172 -88 506 -723 237 -571 537 -594 610 -670 -888 -779 670 412 690 334 -890 -636 -832 126 361 545 519 180 -2 -144 -161 -776 396 -437 -416 -454 -630 688 -344 -765 263 -353 -221 726 -99 141 -263 -493 986 -49 -968 369 955 -261 345 -125 -845 -798 136 274 -622 -407 312 -213 -16 228 -177 743 -155 95 -924 -920 164 998 23 22 -842 -650 -77 692 -766 503 -718 -535 -225 -660 284 -79 268 -264 -675 449 -445 -931 -149 490 -55 -404 849 643 -146 942 943 486 252 109 -664 653 965 663 495 155 87 -995 -199 212 901 650 399 -92 -937 852 957 941 -851 46 313 -284 644 871 798 -356
-833 -623 -278 123 705 932 920 -306 -579 362 366 33 -912 85 586 918 747 484 -751 -115 -666 49 900 914 63 600 -233 -141 489 482 -613 141 -401 623 -611 496 419 -271 -142 -28 97 471 494 -571 -133 813 -207 368 909 741 858 -228 -938 -408 323 713 -425 -992 822 42 -363 -527 -54 637 437 -608 581 -832 463 597 -107 -602 676 751 37 -683 -80 -968 278 56 893 371 -581 -6 -785 -475 512 -781 20 -410 -996 350 174 702 164 -487 -515 -551 227 -789 -885 -315 879 758 450 524 -922 963 477 -646 -437 23 882 842 -231 -622 648 -201 832 122 -230 -531 -376 669 -656 0 565 34 -561 -661 -438 -689 -900 433 -595 -939 498 719 -423 -76 808 -991 -556 -411 25 445 337 269 877 -750 563 687 770 26 780 -197 885 -448 -703 627 -86 -980 -777 383 -601 150 -838 394 469 6 -674 273 -927 -277 -743 -455 242 13 440 -305 -195 24 727 790 874 696 -132 -119 288 -235 -671 573 859 -647 -893 587 130 503 612 638 -583 -744 785 -357 3 748 -415 -787 860 196 -720 -963 -172 165 4 -631 -283 753 796 98 -568 660 -822 831 -291 -867 255 -618 812 -182 -763 -265 797 -83 -486 -950 570 -801 649 186 299 -134 -724 910 -469 691 -164 -43 679 -323 -693 -871 59 -18 -606 -223 625 -586 -422 -446 -727 -947 -281 684 578 308 413 -329 -859 -433 -570 -888 821 -797 664 -910 -664 -756 -614 -983 388 -966 729 161 646 110 536 -208 -565 -972 -597 891 -524 270 44 855 -349 -840 -987 -14 917 -547 773 -734 -317 100 -434 -504 334 -624 2 -682 978 -934 723 946 -424 -174 -882 -451 -585 408 -476 120 -461 -806 192 650 -657 -739 595 -313 961 988 168 754 -902 -672 -155 589 -891 481 10 -319 -251 -276 -463 -658 608 -158 490 -879 292 188 95 -252 462 -392 -334 294 554 -159 109 -497 940 -125 487 -598 -864 -426 -55 -238 -205 -304 -839 -356 -153 692 898 776 75 -301 -370 -732 -292 -792 175 530 -696 911 975 -328 18 -498 -967 562 -853 -459 263 -610 386 -111 789 -953 -846 -320 245 435 -644 534 798 799 -681 217 284 389 -935 827 781 -109 147 215 -302 11 833 -188 185 198 -502 -946 730 505 -880 -135 -263 -51 74 -925 894 -73 -314 517 640 901 -421 -878 772 757 318 508 657 -413 523 -211 -335 381 -753 714 -331 -799 118 652 701 907 447 -194 -659 293 -190 -621 -937 354 264 253 803 -503 -472 -354 200 -612 66 -620 -580 -4 823 -575 -920 -794 -714 531 -394 395 943 -477 -262 -599 -220 -677 116 996
[RUN #5 6 50]
-83 336 -340 488 -962 -257
-665 -92 790 -347 -444 897
-15 -855 -783 -743 273 833
-718 -267 -696 -790 -283 -65
-815 -597 698 -675 299 259
-967 -6 -555 -746 -750 653
-605 -736 -756 336 -801 537
132 165 924 -7 -731 104
366 -433 -948 266 -845 -936
-946 454 343 -255 -69 -685
796 461 -901 -519 -142 932
-182 -95 490 709 -534 991
604 630 -197 760 -684 -424
319 946 -404 -217 733 200
-509 980 607 -912 -496 214
441 -690 541 -165 -342 88
367 -178 -674 311 -767 606
999 431 875 951 196 858
70 -330 -869 -370 645 -331
286 -590 276 -360 291 325
-410 914 -685 -84 982 -45
644 -922 -649 -282 -381 -992
-316 -117 573 628 -106 -753
858 972 465 -715 462 576
-477 -72 723 132 -14 -646
883 101 -285 -102 -25 -2
[RUN #6 6 50]
-627 -980 734 132 917 -743
-978 -894 556 -907 -135 597
-730 -675 332 752 727 767
-947 352 70 -858 433 911
192 -121 -789 223 -370 662
-549 145 301 -771 199 705
673 -760 -234 718 -494 -768
806 -242 -551 -144 -864 -943
402 149 -714 -605 880 814
229 -395 -692 -379 19 973
598 -61 780 674 -143 132
-519 -299 -654 -179 -823 -578
-741 -944 394 -308 -117 851
868 417 817 229 -230 944
243 -161 810 -819 153 -311
-130 300 -31 583 -10 498
[RUN #7 6 50]
301 806 -146 -971 367 656
-150 947 913 821 -284 494
689 710 615 -159 557 654
-591 454 -363 -896 -911 -863
90 4 -328 -767 -441 -881
933 351 242 -986 -246 365
-823 -515 -582 -621 -538 -372
534 43 -859 774 -817 -987
-850 785 -649 22 -520 -395
-627 555 670 -969 -392 -884
-345 44 591 603 -252 863
-734 -597 -390 -981 -882 -638
-792 969 978 -526 -782 396
623 -400 -144 -719 676 -541
-766 672 798 31 -526 -643
-928 179 -180 304 -2 838
-392 -680 332 -461 -754 475
899 -886 528 -176 434 976
633 821 969 332 361 -440
50 146 -385 -928 -652 -532
19 434 284 -878 615 742
653 809 711 488 -970 324
605 -374 -745 -370 278 -956
34 660 372 389 765 -793
964 -791 766 -642 130 316
-631 -443 912 390 -982 941
702 -479 -452 -827 -116 -493
398 -302 -418 -682 -475 -593
406 -406 24 -534 492 942
914 608 250 -148 -935 485
-102 -424 -288 127 460 54
128 -842 -579 -470 -691 -761
307 695 -323 465 331 -523
-613 180 888 946 427 438
96 452 -763 -961 167 -725
-694 -60 -636 -867 668 -176
-515 716 931 922 836 969
284 395 -465 918 639 -558
778 -205 463 492 854 -789
127 239 -922 11 950 178
780 -91 -177 661 775 -677
-382 -580 402 508 -129 -187
-818 -589 337 904 -762 70
-388 -955 -616 -891 441 -971
545 925 -474 912 -759 -867
318 286 113 -859 322 -370
509 551 -169 -774 -643 977
-97 -201 255 -373 311 -83
-278 -658 321 -642 971 -955
-172 870 -515 855 414 -782
[RUN #8 7 50]
-746 -745 -110 325 -523 -838 -629
-571 441 -890 558 -891 -810 -192
73 998 149 -259 929 -782 -608
754 333 220 -312 -610 96 917
43 940 445 -416 373 -777 912
-692 -305 -225 -877 -836 554 362
368 864 205 -68 -659 787 -481
60 -223 -785 8 -719 883 606
-544 232 150 625 -877 -885 333
803 -376 -914 80 -974 755 843
142 -427 4 -327 -714 970 -13
70 130 -704 -877 752 -364 783
674 629 -819 447 381 382 794
-834 909 -121 66 -29 -598 -344
-889 535 -818 273 -627 -50 -562
[RUN #9 8 50]
-441 169 -308 -574 968 -792 -151 735
-863 897 955 -384 926 -329 810 -834
-21 820 -996 -871 -841 -225 -657 -110
824 468 -55 -824 -602 -927 112 968
-667 -600 411 151 -50 20 -208 -694
-805 643 478 -683 -705 582 48 36
-270 -58 614 -812 700 260 139 924
155 816 705 -78 908 606 -40 -955
-533 677 -991 918 -401 967 -973 363
55 -853 301 653 615 369 -979 -588
-248 626 417 228 300 -447 -896 18
699 -170 886 133 355 -96 -480 366
-697 69 986 764 -947 -625 945 -279
-64 321 9 334 -510 132 -544 650
562 816 -355 720 52 525 408 191
719 677 471 -773 -679 -564 -952 543
-222 468 564 340 229 -823 542 832
741 -777 8 -326 438 837 468 693
962 628 -367 -795 939 -8 624 507
-31 510 614 1 314 925 539 90
-619 256 749 289 10 791 204 177
768 39 -558 907 254 -210 -423 605
-1000 932 51 -409 -458 454 -60 -171
33 246 295 -871 -292 122 809 221
792 -990 828 134 -523 -738 -568 62
893 -751 962 -483 -875 881 -994 -884
-791 -874 -369 -579 -202 77 -423 651
-490 294 668 155 -212 -350 -846 566
-336 230 47 -137 -967 754 -566 -154
405 -248 -63 303 584 336 540 76
440 768 729 427 -605 -171 128 -475
974 -710 105 -725 172 23 563 376
-503 -469 -47 250 -894 630 701 433
819 764 -62 125 358 411 390 -298
-602 840 167 312 -51 9 435 -546
479 -937 -229 -236 810 205 257 538
-699 165 720 -576 386 868 280 -391
228 517 -698 -961 -388 253 -482 -682
-76 -356 -6 488 -222 603 821 -705
-465 -336 -643 -205 -455 -404 -146 -52
-116 -356 147 -803 -55 -251 480 217
-286 -491 133 761 231 221 -122 832
-352 -898 649 -329 965 -21 474 540
-780 617 -204 -708 726 608 -791 -292
586 -93 -96 -703 -37 -352 -133 -211
-741 -452 -849 28 -315 -376 -644 221
-788 267 532 763 -553 -778 -772 -443
279 -696 775 -237 -310 811 -118 893
-317 522 397 -403 -90 820 390 -947
-442 814 -736 -229 -727 185 -576 -959
[RUN #10 8 50]
674 -941 943 432 -124 721 361 -118
-437 596 -684 -933 -266 888 487 -364
877 -787 -371 -38 917 -664 -847 -71
-868 -786 824 447 -920 -878 789 274
-682 -409 625 168 -346 47 839 71
513 -112 243 918 -573 -100 524 -825
397 708 828 -741 -187 813 721 328
848 -65 -841 258 183 884 423 -39
-462 -721 998 491 320 -532 178 88
852 389 928 371 -756 -558 998 545
751 908 53 -651 -397 -771 -784 -128
-814 -117 136 -572 -212 396 -698 -15
-384 949 275 -131 976 627 718 179
46 -836 486 54 591 338 -940 -987
-140 -874 -49 -128 -988 480 450 431
-643 442 820 -188 -137 -57 -101 -687
-204 591 -467 722 223 150 637 -94
507 816 -359 277 -207 208 759 -836
581 -8 -764 -25 -783 -616 -33 -88
-786 322 -48 -112 365 787 619 306
135 -466 972 294 169 38 524 -268
-964 -395 390 700 -194 389 570 -14
-275 -583 -599 -944 936 -677 -966 411
-980 -615 -48 -880 291 -840 169 -895
16 -305 292 936 176 -336 900 677
-220 852 613 976 71 -851 480 993
-848 890 485 -73 -773 616 -997 641
957 946 974 398 -818 133 653 906
821 517 811 256 344 -902 -445 57
-752 392 -134 807 895 676 310 -48
-11 738 -808 -492 709 -678 773 -780
191 468 842 458 -604 -594 -321 -366
500 -950 -392 854 -361 650 770 395
297 366 -152 -523 -865 -710 -750 -936
-246 -998 497 692 145 491 234 345
-23 1 -212 -11 858 685 247 -288
626 811 3 -560 -494 178 -561 724
-746 101 447 795 -664 873 990 -904
453 -710 -26 91 876 278 -578 720
16 893 -936 -537 -870 -134 205 749
990 933 786 525 -371 -179 -114 -287
603 701 -595 -510 -489 -152 -803 -507
-132 -111 -187 -372 -659 854 245 68
-432 781 621 247 609 415 -907 -914
-393 -679 -381 -374 49 -268 -854 -599
-170 -309 -755 260 28 -175 542 900
-458 619 992 691 -139 272 763 -880
-931 -946 696 -496 -962 -620 -882 519
649 -789 958 500 -151 650 -396 890
646 -842 699 -127 -691 -7 519 -524
